Active-HDL 15.0.260.9131 2024-10-22 09:14:28

Elaboration top modules:
VHDL Configuration            testbench_for_fa


----------------------------------------------------------------------------------------------
Entity   | Architecture    | Library | Info | Compiler Version          | Compilation Options
----------------------------------------------------------------------------------------------
fa_tb    | TB_ARCHITECTURE | lab2    |      | 15.0.260.9131 (Windows64) | -O3
FA       | dataflow_1      | lab2    |      | 15.0.260.9131 (Windows64) | -O3
----------------------------------------------------------------------------------------------

----------------------------------------------------------------------------------------------
VHDL Configuration         | Library | Info | Compiler Version          | Compilation Options
----------------------------------------------------------------------------------------------
testbench_for_fa           | lab2    |      | 15.0.260.9131 (Windows64) | -O3
----------------------------------------------------------------------------------------------

----------------------------------------------------------------------------------------------
VHDL Package               | Library | Info | Compiler Version          | Compilation Options
----------------------------------------------------------------------------------------------
standard                   | std     |      |                           | <unavailable>
TEXTIO                     | std     |      | 15.0.260.9131 (Windows64) |  -2019
std_logic_1164             | ieee    |      | 15.0.260.9131 (Windows64) |  -2008
NUMERIC_STD                | ieee    |      | 15.0.260.9131 (Windows64) |  -2008
----------------------------------------------------------------------------------------------

----------------------------------------------------------------------------------------------
Library                    | Comment
----------------------------------------------------------------------------------------------
ieee                       | Standard IEEE packages library
lab2                       | None
std                        | Standard VHDL library
----------------------------------------------------------------------------------------------
